<?xml version="1.0" encoding="UTF-8"?>
<testng-results ignored="0" total="2" passed="2" failed="0" skipped="0">
  <reporter-output>
  </reporter-output>
  <suite started-at="2025-08-19T14:44:59 IST" name="Suite" finished-at="2025-08-19T14:45:41 IST" duration-ms="41849">
    <groups>
      <group name="Master">
        <method signature="TC001_AccountRegistrationTest.verify_RegisterAccount()[pri:0, instance:testCases.TC001_AccountRegistrationTest@71ae31b0]" name="verify_RegisterAccount" class="testCases.TC001_AccountRegistrationTest"/>
        <method signature="TC002_LoginTest.verify_Login()[pri:0, instance:testCases.TC002_LoginTest@44e3760b]" name="verify_Login" class="testCases.TC002_LoginTest"/>
      </group> <!-- Master -->
      <group name="Sanity">
        <method signature="TC002_LoginTest.verify_Login()[pri:0, instance:testCases.TC002_LoginTest@44e3760b]" name="verify_Login" class="testCases.TC002_LoginTest"/>
      </group> <!-- Sanity -->
      <group name="Regression">
        <method signature="TC001_AccountRegistrationTest.verify_RegisterAccount()[pri:0, instance:testCases.TC001_AccountRegistrationTest@71ae31b0]" name="verify_RegisterAccount" class="testCases.TC001_AccountRegistrationTest"/>
      </group> <!-- Regression -->
    </groups>
    <test started-at="2025-08-19T14:44:59 IST" name="Test" finished-at="2025-08-19T14:45:41 IST" duration-ms="41849">
      <class name="testCases.TC002_LoginTest">
        <test-method is-config="true" signature="setup(java.lang.String,java.lang.String)[pri:0, instance:testCases.TC002_LoginTest@44e3760b]" started-at="2025-08-19T14:45:23 IST" name="setup" finished-at="2025-08-19T14:45:36 IST" duration-ms="13346" status="PASS">
          <params>
            <param index="0">
              <value>
                <![CDATA[Windows]]>
              </value>
            </param>
            <param index="1">
              <value>
                <![CDATA[chrome]]>
              </value>
            </param>
          </params>
          <reporter-output>
          </reporter-output>
        </test-method> <!-- setup -->
        <test-method signature="verify_Login()[pri:0, instance:testCases.TC002_LoginTest@44e3760b]" started-at="2025-08-19T14:45:36 IST" name="verify_Login" finished-at="2025-08-19T14:45:38 IST" duration-ms="2162" status="PASS">
          <reporter-output>
          </reporter-output>
        </test-method> <!-- verify_Login -->
        <test-method is-config="true" signature="tearDown()[pri:0, instance:testCases.TC002_LoginTest@44e3760b]" started-at="2025-08-19T14:45:38 IST" name="tearDown" finished-at="2025-08-19T14:45:41 IST" duration-ms="2267" status="PASS">
          <reporter-output>
          </reporter-output>
        </test-method> <!-- tearDown -->
      </class> <!-- testCases.TC002_LoginTest -->
      <class name="testCases.TC001_AccountRegistrationTest">
        <test-method is-config="true" signature="setup(java.lang.String,java.lang.String)[pri:0, instance:testCases.TC001_AccountRegistrationTest@71ae31b0]" started-at="2025-08-19T14:44:59 IST" name="setup" finished-at="2025-08-19T14:45:18 IST" duration-ms="18645" status="PASS">
          <params>
            <param index="0">
              <value>
                <![CDATA[Windows]]>
              </value>
            </param>
            <param index="1">
              <value>
                <![CDATA[chrome]]>
              </value>
            </param>
          </params>
          <reporter-output>
          </reporter-output>
        </test-method> <!-- setup -->
        <test-method signature="verify_RegisterAccount()[pri:0, instance:testCases.TC001_AccountRegistrationTest@71ae31b0]" started-at="2025-08-19T14:45:18 IST" name="verify_RegisterAccount" finished-at="2025-08-19T14:45:22 IST" duration-ms="4454" status="PASS">
          <reporter-output>
          </reporter-output>
        </test-method> <!-- verify_RegisterAccount -->
        <test-method is-config="true" signature="tearDown()[pri:0, instance:testCases.TC001_AccountRegistrationTest@71ae31b0]" started-at="2025-08-19T14:45:22 IST" name="tearDown" finished-at="2025-08-19T14:45:23 IST" duration-ms="661" status="PASS">
          <reporter-output>
          </reporter-output>
        </test-method> <!-- tearDown -->
      </class> <!-- testCases.TC001_AccountRegistrationTest -->
    </test> <!-- Test -->
  </suite> <!-- Suite -->
</testng-results>
